Configuration:
5 Servers
3 Clients
10 Accounts
1s Runtime

Transactions 5
  1 |   -196 | <0.71.0>
  2 |    880 | <0.71.0>
  3 |    298 | <0.71.0>
  4 |      0 | <0.71.0>
  5 |      0 | <0.71.0>
  6 |   -563 | <0.71.0>
  7 |   -298 | <0.71.0>
  8 |   -880 | <0.71.0>
  9 |    759 | <0.71.0>
 10 |      0 | <0.71.0>

Transactions 5
  1 |   -196 | <0.63.0>
  2 |    880 | <0.63.0>
  3 |    298 | <0.63.0>
  4 |      0 | <0.63.0>
  5 |      0 | <0.63.0>
  6 |   -563 | <0.63.0>
  7 |   -298 | <0.63.0>
  8 |   -880 | <0.63.0>
  9 |    759 | <0.63.0>
 10 |      0 | <0.63.0>

Transactions 5
  1 |   -196 | <0.75.0>
  2 |    880 | <0.75.0>
  3 |    298 | <0.75.0>
  4 |      0 | <0.75.0>
  5 |      0 | <0.75.0>
  6 |   -563 | <0.75.0>
  7 |   -298 | <0.75.0>
  8 |   -880 | <0.75.0>
  9 |    759 | <0.75.0>
 10 |      0 | <0.75.0>

Transactions 5
  1 |   -196 | <0.67.0>
  2 |    880 | <0.67.0>
  3 |    298 | <0.67.0>
  4 |      0 | <0.67.0>
  5 |      0 | <0.67.0>
  6 |   -563 | <0.67.0>
  7 |   -298 | <0.67.0>
  8 |   -880 | <0.67.0>
  9 |    759 | <0.67.0>
 10 |      0 | <0.67.0>

Transactions 5
  1 |   -196 | <0.59.0>
  2 |    880 | <0.59.0>
  3 |    298 | <0.59.0>
  4 |      0 | <0.59.0>
  5 |      0 | <0.59.0>
  6 |   -563 | <0.59.0>
  7 |   -298 | <0.59.0>
  8 |   -880 | <0.59.0>
  9 |    759 | <0.59.0>
 10 |      0 | <0.59.0>

 See comments below about CPU utilisation in second config. Our outputs are all
 consistent as expected, but our number of transactions is lower than expected.

 *************************************************************************

 Configuration:
 1 Servers
 5 Clients
 10 Accounts
 1s Runtime

 Transactions 2505
  1 | -31456 | <0.55.0>
  2 |  -4740 | <0.55.0>
  3 |  -3851 | <0.55.0>
  4 |  25005 | <0.55.0>
  5 |   7194 | <0.55.0>
  6 |    839 | <0.55.0>
  7 |  12463 | <0.55.0>
  8 |   8496 | <0.55.0>
  9 |  -8487 | <0.55.0>
 10 |  -5463 | <0.55.0>

 This configuration shows that our implementation is working correctly. This is
 an expected output and expected number of transactions for the given params.
 This config utilised 200%+ of lab machine CPU. For some reason, when we
 increase the number of servers, the CPU usage of ebeam decreases to ~20% max.
 There seems to be some weird starvation of processes and we don't know why.

*************************************************************************

Configuration:
5 Servers
1 Clients
10 Accounts
1s Runtime

Transactions 3
  1 |    532 | <0.67.0>
  2 |      0 | <0.67.0>
  3 |    808 | <0.67.0>
  4 |      0 | <0.67.0>
  5 |   -532 | <0.67.0>
  6 |      0 | <0.67.0>
  7 |      0 | <0.67.0>
  8 |      0 | <0.67.0>
  9 |      0 | <0.67.0>
 10 |   -808 | <0.67.0>

Transactions 3
  1 |    532 | <0.75.0>
  2 |      0 | <0.75.0>
  3 |    808 | <0.75.0>
  4 |      0 | <0.75.0>
  5 |   -532 | <0.75.0>
  6 |      0 | <0.75.0>
  7 |      0 | <0.75.0>
  8 |      0 | <0.75.0>
  9 |      0 | <0.75.0>
 10 |   -808 | <0.75.0>

Transactions 3
  1 |    532 | <0.59.0>
  2 |      0 | <0.59.0>
  3 |    808 | <0.59.0>
  4 |      0 | <0.59.0>
  5 |   -532 | <0.59.0>
  6 |      0 | <0.59.0>
  7 |      0 | <0.59.0>
  8 |      0 | <0.59.0>
  9 |      0 | <0.59.0>
 10 |   -808 | <0.59.0>

Transactions 3
  1 |    532 | <0.71.0>
  2 |      0 | <0.71.0>
  3 |    808 | <0.71.0>
  4 |      0 | <0.71.0>
  5 |   -532 | <0.71.0>
  6 |      0 | <0.71.0>
  7 |      0 | <0.71.0>
  8 |      0 | <0.71.0>
  9 |      0 | <0.71.0>
 10 |   -808 | <0.71.0>

Transactions 3
  1 |    532 | <0.63.0>
  2 |      0 | <0.63.0>
  3 |    808 | <0.63.0>
  4 |      0 | <0.63.0>
  5 |   -532 | <0.63.0>
  6 |      0 | <0.63.0>
  7 |      0 | <0.63.0>
  8 |      0 | <0.63.0>
  9 |      0 | <0.63.0>
 10 |   -808 | <0.63.0>

 Again, views are all consistent and paxos appears to be functioning correctly,
 if not "slowly".
